<?xml version="1.0" encoding="UTF-8"?>
<!-- Generated by org.testng.reporters.JUnitReportReporter -->
<testsuite skipped="0" hostname="A-S2-041-LAXMI" name="com.anahat.qa.testcases.logtest" tests="4" failures="0" timestamp="07 Dec 2021 07:27:53 GMT" time="30.781" errors="0">
  <testcase name="anahatTitleTest" time="7.499" classname="com.anahat.qa.testcases.logtest"/>
  <testcase name="anahatTitleTest" time="4.911" classname="com.anahat.qa.testcases.logtest"/>
  <testcase name="anahtLogoTest" time="11.988" classname="com.anahat.qa.testcases.logtest"/>
  <testcase name="anahtLogoTest" time="6.383" classname="com.anahat.qa.testcases.logtest"/>
</testsuite> <!-- com.anahat.qa.testcases.logtest -->
